<?xml version="1.0" encoding="UTF-8"?>
<!-- Generated by org.testng.reporters.JUnitReportReporter -->
<testsuite hostname="EGCA1-0091" failures="0" tests="8" name="main.main" time="63.451" errors="0" timestamp="2022-06-24T16:44:31 EET" skipped="0">
  <testcase classname="main.main" name="checkToastErrorMessage" time="6.409"/>
  <system-out/>
  <testcase classname="main.main" name="chooseUserCountry" time="25.607"/>
  <system-out/>
  <testcase classname="main.main" name="addUserName" time="3.716"/>
  <system-out/>
  <testcase classname="main.main" name="chooseGender" time="1.560"/>
  <system-out/>
  <testcase classname="main.main" name="goToProductsPage" time="0.214"/>
  <system-out/>
  <testcase classname="main.main" name="selectAllProducts" time="22.963"/>
  <system-out/>
  <testcase classname="main.main" name="goToPaymentPage" time="1.126"/>
  <system-out/>
  <testcase classname="main.main" name="checkConfirmationBox" time="1.856"/>
  <system-out/>
</testsuite> <!-- main.main -->
