<?xml version="1.0" encoding="UTF-8"?>
<!-- Generated by org.testng.reporters.JUnitReportReporter -->
<testsuite hostname="EGCA1-0091" failures="0" tests="8" name="main.main" time="56.282" errors="0" timestamp="2022-02-02T20:19:18 EET" skipped="0">
  <testcase classname="main.main" name="checkToastErrorMessage" time="5.401"/>
  <system-out/>
  <testcase classname="main.main" name="chooseUserCountry" time="23.161"/>
  <system-out/>
  <testcase classname="main.main" name="addUserName" time="2.343"/>
  <system-out/>
  <testcase classname="main.main" name="chooseGender" time="1.060"/>
  <system-out/>
  <testcase classname="main.main" name="goToProductsPage" time="0.127"/>
  <system-out/>
  <testcase classname="main.main" name="selectAllProducts" time="21.505"/>
  <system-out/>
  <testcase classname="main.main" name="goToPaymentPage" time="0.687"/>
  <system-out/>
  <testcase classname="main.main" name="checkConfirmationBox" time="1.998"/>
  <system-out/>
</testsuite> <!-- main.main -->
