<?xml version="1.0" encoding="UTF-8"?>
<!-- Generated by org.testng.reporters.JUnitReportReporter -->
<testsuite hostname="EGCA1-0091" failures="0" tests="8" name="main.main" time="57.446" errors="0" timestamp="2022-07-29T18:32:58 EET" skipped="0">
  <testcase classname="main.main" name="checkToastErrorMessage" time="5.252"/>
  <system-out/>
  <testcase classname="main.main" name="chooseUserCountry" time="23.437"/>
  <system-out/>
  <testcase classname="main.main" name="addUserName" time="2.789"/>
  <system-out/>
  <testcase classname="main.main" name="chooseGender" time="1.250"/>
  <system-out/>
  <testcase classname="main.main" name="goToProductsPage" time="0.180"/>
  <system-out/>
  <testcase classname="main.main" name="selectAllProducts" time="21.899"/>
  <system-out/>
  <testcase classname="main.main" name="goToPaymentPage" time="0.951"/>
  <system-out/>
  <testcase classname="main.main" name="checkConfirmationBox" time="1.688"/>
  <system-out/>
</testsuite> <!-- main.main -->
